[NX Daemon Server] - 2023-12-13T13:01:59.875Z - Started listening on: /var/folders/d7/rly2xtlx1md9s86dc4_jbnjm0000gn/T/9d7b0a9e38cc3b54923a/d.sock
[NX Daemon Server] - 2023-12-13T13:01:59.878Z - [WATCHER]: Subscribed to changes within: /Users/lisandropradatoledo/Documents/Docs/dev/angular-admin-scss (native)
[NX Daemon Server] - 2023-12-13T13:01:59.880Z - Established a connection. Number of open connections: 1
[NX Daemon Server] - 2023-12-13T13:01:59.880Z - Established a connection. Number of open connections: 2
[NX Daemon Server] - 2023-12-13T13:01:59.881Z - [REQUEST]: Client Request for Project Graph Received
[NX Daemon Server] - 2023-12-13T13:01:59.912Z - Error detected when recomputing project file map: The following projects are defined in multiple locations:
- angular-admin-scss: 
  - 
  - .

To fix this, set a unique name for each project in a project.json inside the project's root. If the project does not currently have a project.json, you can create one that contains only a name.
[NX Daemon Server] - 2023-12-13T13:01:59.912Z - [REQUEST]: Responding to the client with an error. Error when preparing serialized project graph. The following projects are defined in multiple locations:
- angular-admin-scss: 
  - 
  - .

To fix this, set a unique name for each project in a project.json inside the project's root. If the project does not currently have a project.json, you can create one that contains only a name.
Error: The following projects are defined in multiple locations:
- angular-admin-scss: 
  - 
  - .

To fix this, set a unique name for each project in a project.json inside the project's root. If the project does not currently have a project.json, you can create one that contains only a name.
    at readProjectConfigurationsFromRootMap (/Users/lisandropradatoledo/Documents/Docs/dev/angular-admin-scss/node_modules/nx/src/project-graph/utils/project-configuration-utils.js:97:15)
    at buildProjectsConfigurationsFromProjectPathsAndPlugins (/Users/lisandropradatoledo/Documents/Docs/dev/angular-admin-scss/node_modules/nx/src/project-graph/utils/project-configuration-utils.js:70:19)
    at createProjectConfigurations (/Users/lisandropradatoledo/Documents/Docs/dev/angular-admin-scss/node_modules/nx/src/project-graph/utils/retrieve-workspace-files.js:133:129)
    at WorkspaceContext.<anonymous> (/Users/lisandropradatoledo/Documents/Docs/dev/angular-admin-scss/node_modules/nx/src/project-graph/utils/retrieve-workspace-files.js:82:39)
    at getProjectConfigurationsFromContext (/Users/lisandropradatoledo/Documents/Docs/dev/angular-admin-scss/node_modules/nx/src/utils/workspace-context.js:26:29)
    at _retrieveProjectConfigurations (/Users/lisandropradatoledo/Documents/Docs/dev/angular-admin-scss/node_modules/nx/src/project-graph/utils/retrieve-workspace-files.js:81:72)
    at retrieveProjectConfigurations (/Users/lisandropradatoledo/Documents/Docs/dev/angular-admin-scss/node_modules/nx/src/project-graph/utils/retrieve-workspace-files.js:58:12)
    at process.processTicksAndRejections (node:internal/process/task_queues:95:5)
    at async processCollectedUpdatedAndDeletedFiles (/Users/lisandropradatoledo/Documents/Docs/dev/angular-admin-scss/node_modules/nx/src/daemon/server/project-graph-incremental-recomputation.js:102:34)
    at async processFilesAndCreateAndSerializeProjectGraph (/Users/lisandropradatoledo/Documents/Docs/dev/angular-admin-scss/node_modules/nx/src/daemon/server/project-graph-incremental-recomputation.js:138:17)
[NX Daemon Server] - 2023-12-13T13:01:59.914Z - Done responding to the client null
